<?xml version="1.0" encoding="UTF-8"?>
<coverage generated="1550444482452" clover="3.2.0">
  <project timestamp="1550444482452" name="All files">
    <metrics statements="33" coveredstatements="32" conditionals="20" coveredconditionals="13" methods="7" coveredmethods="7" elements="60" coveredelements="52" complexity="0" loc="33" ncloc="33" packages="2" files="2" classes="2"/>
    <package name="songRenderer">
      <metrics statements="24" coveredstatements="24" conditionals="12" coveredconditionals="12" methods="6" coveredmethods="6"/>
      <file name="songRenderer.js" path="/perso/chordPro2/src/songRenderer/songRenderer.js">
        <metrics statements="24" coveredstatements="24" conditionals="12" coveredconditionals="12" methods="6" coveredmethods="6"/>
        <line num="4" count="37" type="stmt"/>
        <line num="6" count="37" type="stmt"/>
        <line num="10" count="37" type="stmt"/>
        <line num="11" count="37" type="stmt"/>
        <line num="13" count="37" type="stmt"/>
        <line num="15" count="37" type="stmt"/>
        <line num="17" count="37" type="stmt"/>
        <line num="18" count="77" type="stmt"/>
        <line num="23" count="77" type="stmt"/>
        <line num="25" count="77" type="stmt"/>
        <line num="27" count="77" type="cond" truecount="2" falsecount="0"/>
        <line num="28" count="23" type="stmt"/>
        <line num="29" count="23" type="stmt"/>
        <line num="30" count="23" type="stmt"/>
        <line num="32" count="54" type="cond" truecount="2" falsecount="0"/>
        <line num="33" count="14" type="stmt"/>
        <line num="44" count="23" type="cond" truecount="4" falsecount="0"/>
        <line num="45" count="10" type="stmt"/>
        <line num="59" count="13" type="stmt"/>
        <line num="63" count="12" type="stmt"/>
        <line num="64" count="22" type="stmt"/>
        <line num="65" count="36" type="stmt"/>
        <line num="70" count="12" type="stmt"/>
        <line num="75" count="12" type="stmt"/>
      </file>
    </package>
    <package name="songRenderer.exceptions">
      <metrics statements="9" coveredstatements="8" conditionals="8" coveredconditionals="1" methods="1" coveredmethods="1"/>
      <file name="IncorrectBeatCountException.js" path="/perso/chordPro2/src/songRenderer/exceptions/IncorrectBeatCountException.js">
        <metrics statements="9" coveredstatements="8" conditionals="8" coveredconditionals="1" methods="1" coveredmethods="1"/>
        <line num="12" count="24" type="stmt"/>
        <line num="13" count="24" type="stmt"/>
        <line num="15" count="24" type="cond" truecount="1" falsecount="1"/>
        <line num="16" count="0" type="stmt"/>
        <line num="18" count="24" type="stmt"/>
        <line num="19" count="24" type="stmt"/>
        <line num="20" count="24" type="stmt"/>
        <line num="21" count="24" type="stmt"/>
        <line num="22" count="24" type="stmt"/>
      </file>
    </package>
  </project>
</coverage>
