{"/perso/chordPro2/src/songRenderer/songRenderer.js": {"path":"/perso/chordPro2/src/songRenderer/songRenderer.js","statementMap":{"0":{"start":{"line":4,"column":21},"end":{"line":4,"column":28}},"1":{"start":{"line":6,"column":21},"end":{"line":6,"column":22}},"2":{"start":{"line":10,"column":19},"end":{"line":10,"column":41}},"3":{"start":{"line":11,"column":17},"end":{"line":11,"column":19}},"4":{"start":{"line":13,"column":11},"end":{"line":13,"column":13}},"5":{"start":{"line":15,"column":18},"end":{"line":15,"column":19}},"6":{"start":{"line":17,"column":1},"end":{"line":42,"column":4}},"7":{"start":{"line":18,"column":2},"end":{"line":22,"column":4}},"8":{"start":{"line":23,"column":2},"end":{"line":23,"column":31}},"9":{"start":{"line":25,"column":2},"end":{"line":25,"column":18}},"10":{"start":{"line":27,"column":2},"end":{"line":41,"column":3}},"11":{"start":{"line":28,"column":3},"end":{"line":28,"column":29}},"12":{"start":{"line":29,"column":3},"end":{"line":29,"column":12}},"13":{"start":{"line":30,"column":3},"end":{"line":30,"column":18}},"14":{"start":{"line":32,"column":9},"end":{"line":41,"column":3}},"15":{"start":{"line":33,"column":3},"end":{"line":40,"column":6}},"16":{"start":{"line":44,"column":1},"end":{"line":53,"column":2}},"17":{"start":{"line":45,"column":2},"end":{"line":52,"column":5}},"18":{"start":{"line":59,"column":1},"end":{"line":77,"column":3}},"19":{"start":{"line":63,"column":22},"end":{"line":68,"column":16}},"20":{"start":{"line":64,"column":23},"end":{"line":66,"column":15}},"21":{"start":{"line":65,"column":19},"end":{"line":65,"column":31}},"22":{"start":{"line":70,"column":3},"end":{"line":70,"column":35}},"23":{"start":{"line":75,"column":3},"end":{"line":75,"column":24}}},"fnMap":{"0":{"name":"songRendererFactory","decl":{"start":{"line":3,"column":24},"end":{"line":3,"column":43}},"loc":{"start":{"line":3,"column":53},"end":{"line":78,"column":1}},"line":3},"1":{"name":"(anonymous_1)","decl":{"start":{"line":17,"column":19},"end":{"line":17,"column":20}},"loc":{"start":{"line":17,"column":34},"end":{"line":42,"column":2}},"line":17},"2":{"name":"(anonymous_2)","decl":{"start":{"line":61,"column":2},"end":{"line":61,"column":3}},"loc":{"start":{"line":61,"column":11},"end":{"line":71,"column":3}},"line":61},"3":{"name":"(anonymous_3)","decl":{"start":{"line":64,"column":9},"end":{"line":64,"column":10}},"loc":{"start":{"line":64,"column":23},"end":{"line":66,"column":15}},"line":64},"4":{"name":"(anonymous_4)","decl":{"start":{"line":65,"column":10},"end":{"line":65,"column":11}},"loc":{"start":{"line":65,"column":19},"end":{"line":65,"column":31}},"line":65},"5":{"name":"(anonymous_5)","decl":{"start":{"line":74,"column":2},"end":{"line":74,"column":3}},"loc":{"start":{"line":74,"column":13},"end":{"line":76,"column":3}},"line":74}},"branchMap":{"0":{"loc":{"start":{"line":20,"column":13},"end":{"line":20,"column":69}},"type":"binary-expr","locations":[{"start":{"line":20,"column":14},"end":{"line":20,"column":53}},{"start":{"line":20,"column":58},"end":{"line":20,"column":69}}],"line":20},"1":{"loc":{"start":{"line":20,"column":15},"end":{"line":20,"column":45}},"type":"binary-expr","locations":[{"start":{"line":20,"column":15},"end":{"line":20,"column":39}},{"start":{"line":20,"column":43},"end":{"line":20,"column":45}}],"line":20},"2":{"loc":{"start":{"line":27,"column":2},"end":{"line":41,"column":3}},"type":"if","locations":[{"start":{"line":27,"column":2},"end":{"line":41,"column":3}},{"start":{"line":27,"column":2},"end":{"line":41,"column":3}}],"line":27},"3":{"loc":{"start":{"line":32,"column":9},"end":{"line":41,"column":3}},"type":"if","locations":[{"start":{"line":32,"column":9},"end":{"line":41,"column":3}},{"start":{"line":32,"column":9},"end":{"line":41,"column":3}}],"line":32},"4":{"loc":{"start":{"line":44,"column":1},"end":{"line":53,"column":2}},"type":"if","locations":[{"start":{"line":44,"column":1},"end":{"line":53,"column":2}},{"start":{"line":44,"column":1},"end":{"line":53,"column":2}}],"line":44},"5":{"loc":{"start":{"line":44,"column":5},"end":{"line":44,"column":49}},"type":"binary-expr","locations":[{"start":{"line":44,"column":5},"end":{"line":44,"column":19}},{"start":{"line":44,"column":24},"end":{"line":44,"column":48}}],"line":44}},"s":{"0":37,"1":37,"2":37,"3":37,"4":37,"5":37,"6":37,"7":77,"8":77,"9":77,"10":77,"11":23,"12":23,"13":23,"14":54,"15":14,"16":23,"17":10,"18":13,"19":12,"20":22,"21":36,"22":12,"23":12},"f":{"0":37,"1":77,"2":12,"3":22,"4":36,"5":12},"b":{"0":[77,16],"1":[77,16],"2":[23,54],"3":[14,40],"4":[10,13],"5":[23,10]},"_coverageSchema":"43e27e138ebf9cfc5966b082cf9a028302ed4184","hash":"4c34429bd70ef547bd0a164fe95a4384ec3da4a2"}
,"/perso/chordPro2/src/songRenderer/exceptions/IncorrectBeatCountException.js": {"path":"/perso/chordPro2/src/songRenderer/exceptions/IncorrectBeatCountException.js","statementMap":{"0":{"start":{"line":12,"column":2},"end":{"line":12,"column":17}},"1":{"start":{"line":13,"column":2},"end":{"line":13,"column":44}},"2":{"start":{"line":15,"column":2},"end":{"line":17,"column":3}},"3":{"start":{"line":16,"column":3},"end":{"line":16,"column":35}},"4":{"start":{"line":18,"column":2},"end":{"line":18,"column":23}},"5":{"start":{"line":19,"column":2},"end":{"line":19,"column":23}},"6":{"start":{"line":20,"column":2},"end":{"line":20,"column":27}},"7":{"start":{"line":21,"column":2},"end":{"line":21,"column":29}},"8":{"start":{"line":22,"column":2},"end":{"line":22,"column":33}}},"fnMap":{"0":{"name":"(anonymous_0)","decl":{"start":{"line":2,"column":1},"end":{"line":2,"column":2}},"loc":{"start":{"line":11,"column":3},"end":{"line":23,"column":2}},"line":11}},"branchMap":{"0":{"loc":{"start":{"line":3,"column":2},"end":{"line":10,"column":8}},"type":"default-arg","locations":[{"start":{"line":10,"column":6},"end":{"line":10,"column":8}}],"line":3},"1":{"loc":{"start":{"line":5,"column":3},"end":{"line":5,"column":14}},"type":"default-arg","locations":[{"start":{"line":5,"column":12},"end":{"line":5,"column":14}}],"line":5},"2":{"loc":{"start":{"line":6,"column":3},"end":{"line":6,"column":14}},"type":"default-arg","locations":[{"start":{"line":6,"column":12},"end":{"line":6,"column":14}}],"line":6},"3":{"loc":{"start":{"line":7,"column":3},"end":{"line":7,"column":15}},"type":"default-arg","locations":[{"start":{"line":7,"column":14},"end":{"line":7,"column":15}}],"line":7},"4":{"loc":{"start":{"line":8,"column":3},"end":{"line":8,"column":16}},"type":"default-arg","locations":[{"start":{"line":8,"column":15},"end":{"line":8,"column":16}}],"line":8},"5":{"loc":{"start":{"line":9,"column":3},"end":{"line":9,"column":18}},"type":"default-arg","locations":[{"start":{"line":9,"column":17},"end":{"line":9,"column":18}}],"line":9},"6":{"loc":{"start":{"line":15,"column":2},"end":{"line":17,"column":3}},"type":"if","locations":[{"start":{"line":15,"column":2},"end":{"line":17,"column":3}},{"start":{"line":15,"column":2},"end":{"line":17,"column":3}}],"line":15}},"s":{"0":24,"1":24,"2":24,"3":0,"4":24,"5":24,"6":24,"7":24,"8":24},"f":{"0":24},"b":{"0":[0],"1":[0],"2":[0],"3":[0],"4":[0],"5":[0],"6":[0,24]},"_coverageSchema":"43e27e138ebf9cfc5966b082cf9a028302ed4184","hash":"02ded1e57f14cbe9508e0950a11baf659d63f65a"}
}
