{"/perso/chordPro2/src/songRenderer/songRenderer.js": {"path":"/perso/chordPro2/src/songRenderer/songRenderer.js","statementMap":{"0":{"start":{"line":2,"column":21},"end":{"line":2,"column":28}},"1":{"start":{"line":4,"column":21},"end":{"line":4,"column":22}},"2":{"start":{"line":6,"column":1},"end":{"line":47,"column":3}},"3":{"start":{"line":9,"column":21},"end":{"line":9,"column":43}},"4":{"start":{"line":10,"column":19},"end":{"line":10,"column":21}},"5":{"start":{"line":12,"column":13},"end":{"line":12,"column":15}},"6":{"start":{"line":14,"column":20},"end":{"line":14,"column":21}},"7":{"start":{"line":16,"column":3},"end":{"line":30,"column":6}},"8":{"start":{"line":17,"column":4},"end":{"line":20,"column":6}},"9":{"start":{"line":21,"column":4},"end":{"line":21,"column":33}},"10":{"start":{"line":23,"column":4},"end":{"line":23,"column":20}},"11":{"start":{"line":25,"column":4},"end":{"line":29,"column":5}},"12":{"start":{"line":26,"column":5},"end":{"line":26,"column":31}},"13":{"start":{"line":27,"column":5},"end":{"line":27,"column":14}},"14":{"start":{"line":28,"column":5},"end":{"line":28,"column":20}},"15":{"start":{"line":33,"column":22},"end":{"line":38,"column":16}},"16":{"start":{"line":34,"column":23},"end":{"line":36,"column":15}},"17":{"start":{"line":35,"column":19},"end":{"line":35,"column":31}},"18":{"start":{"line":40,"column":3},"end":{"line":40,"column":35}},"19":{"start":{"line":45,"column":3},"end":{"line":45,"column":24}}},"fnMap":{"0":{"name":"songRendererFactory","decl":{"start":{"line":1,"column":24},"end":{"line":1,"column":43}},"loc":{"start":{"line":1,"column":53},"end":{"line":48,"column":1}},"line":1},"1":{"name":"(anonymous_1)","decl":{"start":{"line":8,"column":2},"end":{"line":8,"column":3}},"loc":{"start":{"line":8,"column":11},"end":{"line":41,"column":3}},"line":8},"2":{"name":"(anonymous_2)","decl":{"start":{"line":16,"column":21},"end":{"line":16,"column":22}},"loc":{"start":{"line":16,"column":36},"end":{"line":30,"column":4}},"line":16},"3":{"name":"(anonymous_3)","decl":{"start":{"line":34,"column":9},"end":{"line":34,"column":10}},"loc":{"start":{"line":34,"column":23},"end":{"line":36,"column":15}},"line":34},"4":{"name":"(anonymous_4)","decl":{"start":{"line":35,"column":10},"end":{"line":35,"column":11}},"loc":{"start":{"line":35,"column":19},"end":{"line":35,"column":31}},"line":35},"5":{"name":"(anonymous_5)","decl":{"start":{"line":44,"column":2},"end":{"line":44,"column":3}},"loc":{"start":{"line":44,"column":13},"end":{"line":46,"column":3}},"line":44}},"branchMap":{"0":{"loc":{"start":{"line":18,"column":15},"end":{"line":18,"column":71}},"type":"binary-expr","locations":[{"start":{"line":18,"column":16},"end":{"line":18,"column":55}},{"start":{"line":18,"column":60},"end":{"line":18,"column":71}}],"line":18},"1":{"loc":{"start":{"line":18,"column":17},"end":{"line":18,"column":47}},"type":"binary-expr","locations":[{"start":{"line":18,"column":17},"end":{"line":18,"column":41}},{"start":{"line":18,"column":45},"end":{"line":18,"column":47}}],"line":18},"2":{"loc":{"start":{"line":25,"column":4},"end":{"line":29,"column":5}},"type":"if","locations":[{"start":{"line":25,"column":4},"end":{"line":29,"column":5}},{"start":{"line":25,"column":4},"end":{"line":29,"column":5}}],"line":25}},"s":{"0":11,"1":11,"2":11,"3":10,"4":10,"5":10,"6":10,"7":10,"8":30,"9":30,"10":30,"11":30,"12":20,"13":20,"14":20,"15":10,"16":20,"17":30,"18":10,"19":10},"f":{"0":11,"1":10,"2":30,"3":20,"4":30,"5":10},"b":{"0":[30,13],"1":[30,13],"2":[20,10]},"_coverageSchema":"43e27e138ebf9cfc5966b082cf9a028302ed4184","hash":"ed8b5c178fdba3afd5d941d77d001e6546170d2b"}
}
