TN:
SF:/perso/chordPro2/src/songRenderer/createBarMask.js
FN:22,createBarMask
FN:26,(anonymous_1)
FNF:2
FNH:2
FNDA:9,createBarMask
FNDA:21,(anonymous_1)
DA:1,1
DA:23,9
DA:24,9
DA:26,9
DA:27,21
DA:28,21
DA:31,9
LF:7
LH:7
BRF:0
BRH:0
end_of_record
TN:
SF:/perso/chordPro2/src/songRenderer/parseChordLine.js
FN:6,parseChordLine
FN:21,(anonymous_1)
FNF:2
FNH:2
FNDA:57,parseChordLine
FNDA:118,(anonymous_1)
DA:13,57
DA:14,57
DA:16,57
DA:18,57
DA:19,57
DA:21,57
DA:22,118
DA:27,118
DA:29,118
DA:30,118
DA:32,118
DA:33,28
DA:34,28
DA:35,28
DA:37,90
DA:38,20
DA:49,37
DA:50,16
DA:60,21
LF:19
LH:19
BRDA:8,0,0,0
BRDA:9,1,0,0
BRDA:24,2,0,118
BRDA:24,2,1,13
BRDA:24,3,0,118
BRDA:24,3,1,13
BRDA:32,4,0,28
BRDA:32,4,1,90
BRDA:37,5,0,20
BRDA:37,5,1,70
BRDA:49,6,0,16
BRDA:49,6,1,21
BRDA:49,7,0,37
BRDA:49,7,1,16
BRF:14
BRH:12
end_of_record
TN:
SF:/perso/chordPro2/src/songRenderer/positionChord.js
FN:9,wrapInBar
FN:17,positionChord
FN:19,(anonymous_2)
FNF:3
FNH:0
FNDA:0,wrapInBar
FNDA:0,positionChord
FNDA:0,(anonymous_2)
DA:1,1
DA:7,1
DA:10,0
DA:19,0
LF:4
LH:2
BRDA:17,0,0,0
BRDA:17,1,0,0
BRF:2
BRH:0
end_of_record
TN:
SF:/perso/chordPro2/src/songRenderer/songRenderer.js
FN:7,parseChordLine
FN:16,(anonymous_1)
FN:62,getPositionsFromTextbase
FN:68,(anonymous_3)
FN:78,positionChords
FN:84,songRendererFactory
FN:113,(anonymous_6)
FN:124,(anonymous_7)
FN:125,(anonymous_8)
FN:135,(anonymous_9)
FNF:10
FNH:0
FNDA:0,parseChordLine
FNDA:0,(anonymous_1)
FNDA:0,getPositionsFromTextbase
FNDA:0,(anonymous_3)
FNDA:0,positionChords
FNDA:0,songRendererFactory
FNDA:0,(anonymous_6)
FNDA:0,(anonymous_7)
FNDA:0,(anonymous_8)
FNDA:0,(anonymous_9)
DA:8,0
DA:9,0
DA:11,0
DA:13,0
DA:14,0
DA:16,0
DA:17,0
DA:22,0
DA:24,0
DA:25,0
DA:27,0
DA:28,0
DA:29,0
DA:30,0
DA:32,0
DA:33,0
DA:44,0
DA:45,0
DA:55,0
DA:63,0
DA:65,0
DA:67,0
DA:68,0
DA:69,0
DA:70,0
DA:73,0
DA:91,0
DA:93,0
DA:95,0
DA:96,0
DA:98,0
DA:99,0
DA:106,0
DA:111,0
DA:115,0
DA:117,0
DA:119,0
DA:123,0
DA:124,0
DA:125,0
DA:130,0
DA:136,0
LF:42
LH:0
BRDA:19,0,0,0
BRDA:19,0,1,0
BRDA:19,1,0,0
BRDA:19,1,1,0
BRDA:27,2,0,0
BRDA:27,2,1,0
BRDA:32,3,0,0
BRDA:32,3,1,0
BRDA:44,4,0,0
BRDA:44,4,1,0
BRDA:44,5,0,0
BRDA:44,5,1,0
BRDA:86,6,0,0
BRDA:87,7,0,0
BRDA:88,8,0,0
BRDA:98,9,0,0
BRDA:98,9,1,0
BRDA:98,10,0,0
BRDA:98,10,1,0
BRDA:115,11,0,0
BRDA:115,11,1,0
BRF:21
BRH:0
end_of_record
TN:
SF:/perso/chordPro2/src/songRenderer/exceptions/ChordsPositionMismatchException.js
FN:2,(anonymous_0)
FNF:1
FNH:0
FNDA:0,(anonymous_0)
DA:9,0
DA:10,0
DA:12,0
DA:13,0
DA:15,0
DA:16,0
LF:6
LH:0
BRDA:3,0,0,0
BRDA:4,1,0,0
BRDA:5,2,0,0
BRDA:6,3,0,0
BRDA:12,4,0,0
BRDA:12,4,1,0
BRF:6
BRH:0
end_of_record
TN:
SF:/perso/chordPro2/src/songRenderer/exceptions/IncorrectBeatCountException.js
FN:2,(anonymous_0)
FNF:1
FNH:1
FNDA:36,(anonymous_0)
DA:12,36
DA:13,36
DA:15,36
DA:16,0
DA:18,36
DA:19,36
DA:20,36
DA:21,36
DA:22,36
LF:9
LH:8
BRDA:3,0,0,0
BRDA:5,1,0,0
BRDA:6,2,0,0
BRDA:7,3,0,0
BRDA:8,4,0,0
BRDA:9,5,0,0
BRDA:15,6,0,0
BRDA:15,6,1,36
BRF:8
BRH:1
end_of_record
