TN:
SF:/perso/chordPro2/src/songRenderer/songRenderer.js
FN:1,songRendererFactory
FN:8,(anonymous_1)
FN:16,(anonymous_2)
FN:34,(anonymous_3)
FN:35,(anonymous_4)
FN:44,(anonymous_5)
FNF:6
FNH:6
FNDA:11,songRendererFactory
FNDA:10,(anonymous_1)
FNDA:30,(anonymous_2)
FNDA:20,(anonymous_3)
FNDA:30,(anonymous_4)
FNDA:10,(anonymous_5)
DA:2,11
DA:4,11
DA:6,11
DA:9,10
DA:10,10
DA:12,10
DA:14,10
DA:16,10
DA:17,30
DA:21,30
DA:23,30
DA:25,30
DA:26,20
DA:27,20
DA:28,20
DA:33,10
DA:34,20
DA:35,30
DA:40,10
DA:45,10
LF:20
LH:20
BRDA:18,0,0,30
BRDA:18,0,1,13
BRDA:18,1,0,30
BRDA:18,1,1,13
BRDA:25,2,0,20
BRDA:25,2,1,10
BRF:6
BRH:6
end_of_record
